[ 2020-05-27T12:48:10+08:00 ] 127.0.0.1 /public/index.php
INFO: [ app_init ] --START--
INFO: Run Behavior\BuildLiteBehavior [ RunTime:0.000465s ]
INFO: [ app_init ] --END-- [ RunTime:0.002389s ]
INFO: [ app_begin ] --START--
INFO: Run Behavior\ReadHtmlCacheBehavior [ RunTime:0.001367s ]
INFO: [ app_begin ] --END-- [ RunTime:0.001399s ]
ERR: 非法操作:index

[ 2020-05-27T12:48:41+08:00 ] 127.0.0.1 /public/index.php/Home/Test/test
INFO: [ app_init ] --START--
INFO: Run Behavior\BuildLiteBehavior [ RunTime:0.000007s ]
INFO: [ app_init ] --END-- [ RunTime:0.000252s ]
INFO: [ app_begin ] --START--
INFO: Run Behavior\ReadHtmlCacheBehavior [ RunTime:0.000588s ]
INFO: [ app_begin ] --END-- [ RunTime:0.000627s ]
INFO: [ app_end ] --START--
INFO: Run Behavior\ShowPageTraceBehavior [ RunTime:0.008759s ]
INFO: [ app_end ] --END-- [ RunTime:0.008797s ]

[ 2020-05-27T12:49:12+08:00 ] 127.0.0.1 /public/index.php/Home/Message/do_like
INFO: [ app_init ] --START--
INFO: Run Behavior\BuildLiteBehavior [ RunTime:0.000005s ]
INFO: [ app_init ] --END-- [ RunTime:0.000288s ]
INFO: [ app_begin ] --START--
INFO: Run Behavior\ReadHtmlCacheBehavior [ RunTime:0.000435s ]
INFO: [ app_begin ] --END-- [ RunTime:0.000463s ]
SQL: SHOW COLUMNS FROM `message` [ RunTime:0.0439s ]
SQL: SELECT * FROM `message` WHERE `id` = 1 AND `user_id` = 3 LIMIT 1   [ RunTime:0.0056s ]

[ 2020-05-27T12:49:19+08:00 ] 127.0.0.1 /public/index.php/Home/Message/do_like
INFO: [ app_init ] --START--
INFO: Run Behavior\BuildLiteBehavior [ RunTime:0.000008s ]
INFO: [ app_init ] --END-- [ RunTime:0.000468s ]
INFO: [ app_begin ] --START--
INFO: Run Behavior\ReadHtmlCacheBehavior [ RunTime:0.000634s ]
INFO: [ app_begin ] --END-- [ RunTime:0.000677s ]
NOTIC: [8] Undefined index: message_id I:\treehole\treeHole-PHP\application\Home\Controller\MessageController.class.php 第 144 行.

[ 2020-05-27T13:25:29+08:00 ] 127.0.0.1 /public/index.php/Home/Message/do_like
INFO: [ app_init ] --START--
INFO: Run Behavior\BuildLiteBehavior [ RunTime:0.000766s ]
INFO: [ app_init ] --END-- [ RunTime:0.003017s ]
INFO: [ app_begin ] --START--
INFO: Run Behavior\ReadHtmlCacheBehavior [ RunTime:0.001235s ]
INFO: [ app_begin ] --END-- [ RunTime:0.001270s ]
NOTIC: [8] Undefined index: message_id I:\treehole\treeHole-PHP\application\Home\Controller\MessageController.class.php 第 144 行.
NOTIC: [2] Use of undefined constant message_id - assumed 'message_id' (this will throw an Error in a future version of PHP) I:\treehole\treeHole-PHP\application\Home\Controller\MessageController.class.php 第 149 行.

[ 2020-05-27T13:26:06+08:00 ] 127.0.0.1 /public/index.php/Home/Message/do_like
INFO: [ app_init ] --START--
INFO: Run Behavior\BuildLiteBehavior [ RunTime:0.000010s ]
INFO: [ app_init ] --END-- [ RunTime:0.000385s ]
INFO: [ app_begin ] --START--
INFO: Run Behavior\ReadHtmlCacheBehavior [ RunTime:0.000465s ]
INFO: [ app_begin ] --END-- [ RunTime:0.000498s ]
NOTIC: [8] Undefined index: message_id I:\treehole\treeHole-PHP\application\Home\Controller\MessageController.class.php 第 144 行.
NOTIC: [8] Undefined index: message_id I:\treehole\treeHole-PHP\application\Home\Controller\MessageController.class.php 第 149 行.

[ 2020-05-27T13:27:25+08:00 ] 127.0.0.1 /public/index.php/Home/Message/get_one_user_all_messages
INFO: [ app_init ] --START--
INFO: Run Behavior\BuildLiteBehavior [ RunTime:0.000014s ]
INFO: [ app_init ] --END-- [ RunTime:0.000783s ]
INFO: [ app_begin ] --START--
INFO: Run Behavior\ReadHtmlCacheBehavior [ RunTime:0.001431s ]
INFO: [ app_begin ] --END-- [ RunTime:0.001518s ]
NOTIC: [8] Undefined index: user_id I:\treehole\treeHole-PHP\application\Home\Controller\MessageController.class.php 第 106 行.

[ 2020-05-27T13:27:43+08:00 ] 127.0.0.1 /public/index.php/Home/Message/get_one_user_all_messages
INFO: [ app_init ] --START--
INFO: Run Behavior\BuildLiteBehavior [ RunTime:0.000006s ]
INFO: [ app_init ] --END-- [ RunTime:0.000368s ]
INFO: [ app_begin ] --START--
INFO: Run Behavior\ReadHtmlCacheBehavior [ RunTime:0.000538s ]
INFO: [ app_begin ] --END-- [ RunTime:0.000566s ]
NOTIC: [8] Undefined index: user_id I:\treehole\treeHole-PHP\application\Home\Controller\MessageController.class.php 第 106 行.

[ 2020-05-27T13:28:01+08:00 ] 127.0.0.1 /public/index.php/Home/Message/get_one_user_all_messages
INFO: [ app_init ] --START--
INFO: Run Behavior\BuildLiteBehavior [ RunTime:0.000009s ]
INFO: [ app_init ] --END-- [ RunTime:0.000428s ]
INFO: [ app_begin ] --START--
INFO: Run Behavior\ReadHtmlCacheBehavior [ RunTime:0.000524s ]
INFO: [ app_begin ] --END-- [ RunTime:0.000558s ]
NOTIC: [8] Undefined index: user_id I:\treehole\treeHole-PHP\application\Home\Controller\MessageController.class.php 第 106 行.

[ 2020-05-27T13:28:42+08:00 ] 127.0.0.1 /public/index.php/Home/Message/get_one_user_all_messages
INFO: [ app_init ] --START--
INFO: Run Behavior\BuildLiteBehavior [ RunTime:0.000008s ]
INFO: [ app_init ] --END-- [ RunTime:0.000363s ]
INFO: [ app_begin ] --START--
INFO: Run Behavior\ReadHtmlCacheBehavior [ RunTime:0.000529s ]
INFO: [ app_begin ] --END-- [ RunTime:0.000565s ]
NOTIC: [8] Undefined index: user_id I:\treehole\treeHole-PHP\application\Home\Controller\MessageController.class.php 第 106 行.

[ 2020-05-27T13:29:07+08:00 ] 127.0.0.1 /public/index.php/Home/Message/get_one_user_all_messages
INFO: [ app_init ] --START--
INFO: Run Behavior\BuildLiteBehavior [ RunTime:0.000005s ]
INFO: [ app_init ] --END-- [ RunTime:0.000223s ]
INFO: [ app_begin ] --START--
INFO: Run Behavior\ReadHtmlCacheBehavior [ RunTime:0.000352s ]
INFO: [ app_begin ] --END-- [ RunTime:0.000374s ]
NOTIC: [8] Undefined index: user_id I:\treehole\treeHole-PHP\application\Home\Controller\MessageController.class.php 第 106 行.

[ 2020-05-27T13:29:09+08:00 ] 127.0.0.1 /public/index.php/Home/Message/get_one_user_all_messages
INFO: [ app_init ] --START--
INFO: Run Behavior\BuildLiteBehavior [ RunTime:0.000005s ]
INFO: [ app_init ] --END-- [ RunTime:0.000228s ]
INFO: [ app_begin ] --START--
INFO: Run Behavior\ReadHtmlCacheBehavior [ RunTime:0.000327s ]
INFO: [ app_begin ] --END-- [ RunTime:0.000346s ]
NOTIC: [8] Undefined index: user_id I:\treehole\treeHole-PHP\application\Home\Controller\MessageController.class.php 第 106 行.

[ 2020-05-27T13:29:12+08:00 ] 127.0.0.1 /public/index.php/Home/Message/get_one_user_all_messages
INFO: [ app_init ] --START--
INFO: Run Behavior\BuildLiteBehavior [ RunTime:0.000005s ]
INFO: [ app_init ] --END-- [ RunTime:0.000223s ]
INFO: [ app_begin ] --START--
INFO: Run Behavior\ReadHtmlCacheBehavior [ RunTime:0.000330s ]
INFO: [ app_begin ] --END-- [ RunTime:0.000350s ]
SQL: SHOW COLUMNS FROM `message` [ RunTime:0.0333s ]
SQL: SELECT * FROM `message` WHERE `user_id` = 1  [ RunTime:0.0037s ]

[ 2020-05-27T13:29:19+08:00 ] 127.0.0.1 /public/index.php/Home/Message/get_one_user_all_messages
INFO: [ app_init ] --START--
INFO: Run Behavior\BuildLiteBehavior [ RunTime:0.000007s ]
INFO: [ app_init ] --END-- [ RunTime:0.000318s ]
INFO: [ app_begin ] --START--
INFO: Run Behavior\ReadHtmlCacheBehavior [ RunTime:0.000497s ]
INFO: [ app_begin ] --END-- [ RunTime:0.000524s ]
NOTIC: [8] Undefined index: user_id I:\treehole\treeHole-PHP\application\Home\Controller\MessageController.class.php 第 106 行.

[ 2020-05-27T13:29:49+08:00 ] 127.0.0.1 /public/index.php/Home/Message/do_like
INFO: [ app_init ] --START--
INFO: Run Behavior\BuildLiteBehavior [ RunTime:0.000005s ]
INFO: [ app_init ] --END-- [ RunTime:0.000266s ]
INFO: [ app_begin ] --START--
INFO: Run Behavior\ReadHtmlCacheBehavior [ RunTime:0.000370s ]
INFO: [ app_begin ] --END-- [ RunTime:0.000391s ]
SQL: SHOW COLUMNS FROM `message` [ RunTime:0.0008s ]
SQL: SELECT * FROM `message` WHERE `id` = 1 AND `user_id` = 1 LIMIT 1   [ RunTime:0.0024s ]

[ 2020-05-27T13:29:57+08:00 ] 127.0.0.1 /public/index.php/Home/Message/do_like
INFO: [ app_init ] --START--
INFO: Run Behavior\BuildLiteBehavior [ RunTime:0.000005s ]
INFO: [ app_init ] --END-- [ RunTime:0.000246s ]
INFO: [ app_begin ] --START--
INFO: Run Behavior\ReadHtmlCacheBehavior [ RunTime:0.000329s ]
INFO: [ app_begin ] --END-- [ RunTime:0.000347s ]
NOTIC: [8] Undefined index: message_id I:\treehole\treeHole-PHP\application\Home\Controller\MessageController.class.php 第 144 行.
NOTIC: [8] Undefined index: message_id I:\treehole\treeHole-PHP\application\Home\Controller\MessageController.class.php 第 149 行.

[ 2020-05-27T13:30:08+08:00 ] 127.0.0.1 /public/index.php/Home/Message/do_like
INFO: [ app_init ] --START--
INFO: Run Behavior\BuildLiteBehavior [ RunTime:0.000005s ]
INFO: [ app_init ] --END-- [ RunTime:0.000263s ]
INFO: [ app_begin ] --START--
INFO: Run Behavior\ReadHtmlCacheBehavior [ RunTime:0.000329s ]
INFO: [ app_begin ] --END-- [ RunTime:0.000347s ]
SQL: SHOW COLUMNS FROM `message` [ RunTime:0.0008s ]
SQL: SELECT * FROM `message` WHERE `id` = 1 AND `user_id` = 1 LIMIT 1   [ RunTime:0.0002s ]

[ 2020-05-27T13:31:02+08:00 ] 127.0.0.1 /public/index.php/Home/Message/do_like
INFO: [ app_init ] --START--
INFO: Run Behavior\BuildLiteBehavior [ RunTime:0.000009s ]
INFO: [ app_init ] --END-- [ RunTime:0.000293s ]
INFO: [ app_begin ] --START--
INFO: Run Behavior\ReadHtmlCacheBehavior [ RunTime:0.000379s ]
INFO: [ app_begin ] --END-- [ RunTime:0.000406s ]
SQL: SHOW COLUMNS FROM `message` [ RunTime:0.0009s ]
SQL: SELECT * FROM `message` WHERE `id` = 1 AND `user_id` = 1 LIMIT 1   [ RunTime:0.0003s ]

[ 2020-05-27T13:31:09+08:00 ] 127.0.0.1 /public/index.php/Home/Message/do_like
INFO: [ app_init ] --START--
INFO: Run Behavior\BuildLiteBehavior [ RunTime:0.000006s ]
INFO: [ app_init ] --END-- [ RunTime:0.000251s ]
INFO: [ app_begin ] --START--
INFO: Run Behavior\ReadHtmlCacheBehavior [ RunTime:0.000495s ]
INFO: [ app_begin ] --END-- [ RunTime:0.000524s ]
NOTIC: [8] Undefined index: message_id I:\treehole\treeHole-PHP\application\Home\Controller\MessageController.class.php 第 143 行.
NOTIC: [8] Undefined index: message_id I:\treehole\treeHole-PHP\application\Home\Controller\MessageController.class.php 第 145 行.

[ 2020-05-27T13:36:59+08:00 ] 127.0.0.1 /public/index.php/Home/Message/do_like
INFO: [ app_init ] --START--
INFO: Run Behavior\BuildLiteBehavior [ RunTime:0.000008s ]
INFO: [ app_init ] --END-- [ RunTime:0.000417s ]
INFO: [ app_begin ] --START--
INFO: Run Behavior\ReadHtmlCacheBehavior [ RunTime:0.000561s ]
INFO: [ app_begin ] --END-- [ RunTime:0.000591s ]
NOTIC: [8] Undefined index: message_id I:\treehole\treeHole-PHP\application\Home\Controller\MessageController.class.php 第 146 行.

[ 2020-05-27T13:38:19+08:00 ] 127.0.0.1 /public/index.php/Home/Message/do_like
INFO: [ app_init ] --START--
INFO: Run Behavior\BuildLiteBehavior [ RunTime:0.000007s ]
INFO: [ app_init ] --END-- [ RunTime:0.000367s ]
INFO: [ app_begin ] --START--
INFO: Run Behavior\ReadHtmlCacheBehavior [ RunTime:0.000486s ]
INFO: [ app_begin ] --END-- [ RunTime:0.000513s ]
NOTIC: [8] Undefined index: message_id I:\treehole\treeHole-PHP\application\Home\Controller\MessageController.class.php 第 145 行.
NOTIC: [8] Undefined index: message_id I:\treehole\treeHole-PHP\application\Home\Controller\MessageController.class.php 第 147 行.

[ 2020-05-27T13:40:12+08:00 ] 127.0.0.1 /public/index.php/Home/Message/do_like
INFO: [ app_init ] --START--
INFO: Run Behavior\BuildLiteBehavior [ RunTime:0.000006s ]
INFO: [ app_init ] --END-- [ RunTime:0.000275s ]
INFO: [ app_begin ] --START--
INFO: Run Behavior\ReadHtmlCacheBehavior [ RunTime:0.000547s ]
INFO: [ app_begin ] --END-- [ RunTime:0.000582s ]
NOTIC: [2] Illegal string offset 'message_id' I:\treehole\treeHole-PHP\application\Home\Controller\MessageController.class.php 第 144 行.
NOTIC: [8] Undefined index: message_id I:\treehole\treeHole-PHP\application\Home\Controller\MessageController.class.php 第 146 行.

[ 2020-05-27T13:41:37+08:00 ] 127.0.0.1 /public/index.php/Home/Message/do_like
INFO: [ app_init ] --START--
INFO: Run Behavior\BuildLiteBehavior [ RunTime:0.000014s ]
INFO: [ app_init ] --END-- [ RunTime:0.000723s ]
INFO: [ app_begin ] --START--
INFO: Run Behavior\ReadHtmlCacheBehavior [ RunTime:0.000651s ]
INFO: [ app_begin ] --END-- [ RunTime:0.000699s ]
NOTIC: [8] Undefined index: message_id I:\treehole\treeHole-PHP\application\Home\Controller\MessageController.class.php 第 147 行.

[ 2020-05-27T13:42:35+08:00 ] 127.0.0.1 /public/index.php/Home/Message/do_like
INFO: [ app_init ] --START--
INFO: Run Behavior\BuildLiteBehavior [ RunTime:0.000006s ]
INFO: [ app_init ] --END-- [ RunTime:0.000343s ]
INFO: [ app_begin ] --START--
INFO: Run Behavior\ReadHtmlCacheBehavior [ RunTime:0.000647s ]
INFO: [ app_begin ] --END-- [ RunTime:0.000691s ]
NOTIC: [8] Undefined index: message_id I:\treehole\treeHole-PHP\application\Home\Controller\MessageController.class.php 第 147 行.

[ 2020-05-27T13:43:06+08:00 ] 127.0.0.1 /public/index.php/Home/Message/do_like
INFO: [ app_init ] --START--
INFO: Run Behavior\BuildLiteBehavior [ RunTime:0.000006s ]
INFO: [ app_init ] --END-- [ RunTime:0.000248s ]
INFO: [ app_begin ] --START--
INFO: Run Behavior\ReadHtmlCacheBehavior [ RunTime:0.000411s ]
INFO: [ app_begin ] --END-- [ RunTime:0.000439s ]
NOTIC: [2] Illegal string offset 'user_id' I:\treehole\treeHole-PHP\application\Home\Controller\MessageController.class.php 第 144 行.
NOTIC: [8] Undefined index: message_id I:\treehole\treeHole-PHP\application\Home\Controller\MessageController.class.php 第 147 行.

[ 2020-05-27T13:43:19+08:00 ] 127.0.0.1 /public/index.php/Home/Message/do_like
INFO: [ app_init ] --START--
INFO: Run Behavior\BuildLiteBehavior [ RunTime:0.000005s ]
INFO: [ app_init ] --END-- [ RunTime:0.000250s ]
INFO: [ app_begin ] --START--
INFO: Run Behavior\ReadHtmlCacheBehavior [ RunTime:0.000327s ]
INFO: [ app_begin ] --END-- [ RunTime:0.000346s ]
NOTIC: [2] Illegal string offset 'user_id' I:\treehole\treeHole-PHP\application\Home\Controller\MessageController.class.php 第 144 行.
NOTIC: [8] Undefined index: message_id I:\treehole\treeHole-PHP\application\Home\Controller\MessageController.class.php 第 147 行.

[ 2020-05-27T13:44:19+08:00 ] 127.0.0.1 /public/index.php/Home/Message/do_like
INFO: [ app_init ] --START--
INFO: Run Behavior\BuildLiteBehavior [ RunTime:0.000005s ]
INFO: [ app_init ] --END-- [ RunTime:0.000276s ]
INFO: [ app_begin ] --START--
INFO: Run Behavior\ReadHtmlCacheBehavior [ RunTime:0.000388s ]
INFO: [ app_begin ] --END-- [ RunTime:0.000414s ]
NOTIC: [8] Undefined index: message_id I:\treehole\treeHole-PHP\application\Home\Controller\MessageController.class.php 第 144 行.
NOTIC: [8] Undefined index: message_id I:\treehole\treeHole-PHP\application\Home\Controller\MessageController.class.php 第 147 行.

[ 2020-05-27T13:44:26+08:00 ] 127.0.0.1 /public/index.php/Home/Message/do_like
INFO: [ app_init ] --START--
INFO: Run Behavior\BuildLiteBehavior [ RunTime:0.000005s ]
INFO: [ app_init ] --END-- [ RunTime:0.000260s ]
INFO: [ app_begin ] --START--
INFO: Run Behavior\ReadHtmlCacheBehavior [ RunTime:0.000358s ]
INFO: [ app_begin ] --END-- [ RunTime:0.000376s ]
SQL: SHOW COLUMNS FROM `message` [ RunTime:0.0009s ]
SQL: SELECT * FROM `message` WHERE `id` = 1 AND `user_id` = 1 LIMIT 1   [ RunTime:0.0003s ]

[ 2020-05-27T13:52:18+08:00 ] 127.0.0.1 /public/index.php/Home/User/sign
INFO: [ app_init ] --START--
INFO: Run Behavior\BuildLiteBehavior [ RunTime:0.000010s ]
INFO: [ app_init ] --END-- [ RunTime:0.000539s ]
INFO: [ app_begin ] --START--
INFO: Run Behavior\ReadHtmlCacheBehavior [ RunTime:0.000825s ]
INFO: [ app_begin ] --END-- [ RunTime:0.000872s ]
NOTIC: [8] Undefined index: username I:\treehole\treeHole-PHP\application\Home\Controller\UserController.class.php 第 14 行.

[ 2020-05-27T13:59:32+08:00 ] 127.0.0.1 /public/index.php/Home/User/sign
INFO: [ app_init ] --START--
INFO: Run Behavior\BuildLiteBehavior [ RunTime:0.000007s ]
INFO: [ app_init ] --END-- [ RunTime:0.000337s ]
INFO: [ app_begin ] --START--
INFO: Run Behavior\ReadHtmlCacheBehavior [ RunTime:0.000363s ]
INFO: [ app_begin ] --END-- [ RunTime:0.000383s ]
NOTIC: [8] Undefined index: username I:\treehole\treeHole-PHP\application\Home\Controller\UserController.class.php 第 14 行.

