[ 2020-05-04T20:53:56+08:00 ] 127.0.0.1 /treehole/index.php/Home/Index/test
INFO: [ app_init ] --START--
INFO: Run Behavior\BuildLiteBehavior [ RunTime:0.000009s ]
INFO: [ app_init ] --END-- [ RunTime:0.000667s ]
INFO: [ app_begin ] --START--
INFO: Run Behavior\ReadHtmlCacheBehavior [ RunTime:0.002098s ]
INFO: [ app_begin ] --END-- [ RunTime:0.002127s ]
INFO: [ app_end ] --START--
INFO: Run Behavior\ShowPageTraceBehavior [ RunTime:0.000671s ]
INFO: [ app_end ] --END-- [ RunTime:0.000694s ]

[ 2020-05-04T22:59:22+08:00 ] 127.0.0.1 /treehole/index.php/Home/User/insert_test
INFO: [ app_init ] --START--
INFO: Run Behavior\BuildLiteBehavior [ RunTime:0.000010s ]
INFO: [ app_init ] --END-- [ RunTime:0.006252s ]
INFO: [ app_begin ] --START--
INFO: Run Behavior\ReadHtmlCacheBehavior [ RunTime:0.000983s ]
INFO: [ app_begin ] --END-- [ RunTime:0.001009s ]
ERR: SQLSTATE[HY000] [1049] Unknown database 'test'

[ 2020-05-04T23:11:08+08:00 ] 127.0.0.1 /treehole/index.php/Home/User/insert_test
INFO: [ app_init ] --START--
INFO: Run Behavior\BuildLiteBehavior [ RunTime:0.000010s ]
INFO: [ app_init ] --END-- [ RunTime:0.001418s ]
INFO: [ app_begin ] --START--
INFO: Run Behavior\ReadHtmlCacheBehavior [ RunTime:0.000655s ]
INFO: [ app_begin ] --END-- [ RunTime:0.000682s ]
SQL: SHOW COLUMNS FROM `message` [ RunTime:0.0029s ]
ERR: 1364:Field 'totle_likes' doesn't have a default value
 [ SQL语句 ] : INSERT INTO `message` (`user_id`,`username`,`face_url`,`content`,`send_timestamp`) VALUES ('1','张三','xxx.jpg','今天好开心','1588605068')
ERR: 1364:Field 'totle_likes' doesn't have a default value
 [ SQL语句 ] : INSERT INTO `message` (`user_id`,`username`,`face_url`,`content`,`send_timestamp`) VALUES ('1','张三','xxx.jpg','今天好开心','1588605068')

[ 2020-05-04T23:16:27+08:00 ] 127.0.0.1 /treehole/index.php/Home/User/insert_test
INFO: [ app_init ] --START--
INFO: Run Behavior\BuildLiteBehavior [ RunTime:0.000006s ]
INFO: [ app_init ] --END-- [ RunTime:0.000462s ]
INFO: [ app_begin ] --START--
INFO: Run Behavior\ReadHtmlCacheBehavior [ RunTime:0.000580s ]
INFO: [ app_begin ] --END-- [ RunTime:0.000606s ]
SQL: SHOW COLUMNS FROM `message` [ RunTime:0.0015s ]
SQL: INSERT INTO `message` (`user_id`,`username`,`face_url`,`content`,`totle_likes`,`send_timestamp`) VALUES ('1','张三','xxx.jpg','今天好开心','0','1588605387') [ RunTime:0.0004s ]
INFO: [ app_end ] --START--
INFO: Run Behavior\ShowPageTraceBehavior [ RunTime:0.061059s ]
INFO: [ app_end ] --END-- [ RunTime:0.061147s ]

[ 2020-05-04T23:41:38+08:00 ] 127.0.0.1 /treehole/index.php/Home/User/select_test
INFO: [ app_init ] --START--
INFO: Run Behavior\BuildLiteBehavior [ RunTime:0.000010s ]
INFO: [ app_init ] --END-- [ RunTime:0.000686s ]
INFO: [ app_begin ] --START--
INFO: Run Behavior\ReadHtmlCacheBehavior [ RunTime:0.001226s ]
INFO: [ app_begin ] --END-- [ RunTime:0.001285s ]
ERR: 1146:Table 'treehole.$_message' doesn't exist
 [ SQL语句 ] : SHOW COLUMNS FROM `$_message`
ERR: 1146:Table 'treehole.$_message' doesn't exist
 [ SQL语句 ] : SHOW COLUMNS FROM `$_message`

[ 2020-05-04T23:47:54+08:00 ] 127.0.0.1 /treehole/index.php/Home/User/select_test
INFO: [ app_init ] --START--
INFO: Run Behavior\BuildLiteBehavior [ RunTime:0.000024s ]
INFO: [ app_init ] --END-- [ RunTime:0.001638s ]
INFO: [ app_begin ] --START--
INFO: Run Behavior\ReadHtmlCacheBehavior [ RunTime:0.000652s ]
INFO: [ app_begin ] --END-- [ RunTime:0.000679s ]
ERR: 1146:Table 'treehole.$_message' doesn't exist
 [ SQL语句 ] : SHOW COLUMNS FROM `$_message`
ERR: 1146:Table 'treehole.$_message' doesn't exist
 [ SQL语句 ] : SHOW COLUMNS FROM `$_message`

[ 2020-05-04T23:51:21+08:00 ] 127.0.0.1 /treehole/index.php/Home/User/select_test
INFO: [ app_init ] --START--
INFO: Run Behavior\BuildLiteBehavior [ RunTime:0.000006s ]
INFO: [ app_init ] --END-- [ RunTime:0.000468s ]
INFO: [ app_begin ] --START--
INFO: Run Behavior\ReadHtmlCacheBehavior [ RunTime:0.000733s ]
INFO: [ app_begin ] --END-- [ RunTime:0.000774s ]
SQL: SHOW COLUMNS FROM `message` [ RunTime:0.0015s ]
SQL: SELECT * FROM `message` WHERE `user_id` = 1  [ RunTime:0.0002s ]
INFO: [ app_end ] --START--
INFO: Run Behavior\ShowPageTraceBehavior [ RunTime:0.000911s ]
INFO: [ app_end ] --END-- [ RunTime:0.000953s ]

[ 2020-05-04T23:54:13+08:00 ] 127.0.0.1 /treehole/index.php/Home/User/select_test
INFO: [ app_init ] --START--
INFO: Run Behavior\BuildLiteBehavior [ RunTime:0.000008s ]
INFO: [ app_init ] --END-- [ RunTime:0.000496s ]
INFO: [ app_begin ] --START--
INFO: Run Behavior\ReadHtmlCacheBehavior [ RunTime:0.000599s ]
INFO: [ app_begin ] --END-- [ RunTime:0.000623s ]
SQL: SHOW COLUMNS FROM `message` [ RunTime:0.0007s ]
SQL: SELECT * FROM `message` WHERE `user_id` = 1  [ RunTime:0.0003s ]
SQL: SELECT `id`,`username`,`face_url`,`content`,`totle_likes`,`send_timestamp` FROM `message` WHERE `user_id` = 1  [ RunTime:0.0003s ]
INFO: [ app_end ] --START--
INFO: Run Behavior\ShowPageTraceBehavior [ RunTime:0.001002s ]
INFO: [ app_end ] --END-- [ RunTime:0.001042s ]

[ 2020-05-04T23:54:15+08:00 ] 127.0.0.1 /treehole/index.php/Home/User/select_test
INFO: [ app_init ] --START--
INFO: Run Behavior\BuildLiteBehavior [ RunTime:0.000007s ]
INFO: [ app_init ] --END-- [ RunTime:0.000475s ]
INFO: [ app_begin ] --START--
INFO: Run Behavior\ReadHtmlCacheBehavior [ RunTime:0.001750s ]
INFO: [ app_begin ] --END-- [ RunTime:0.001800s ]
SQL: SHOW COLUMNS FROM `message` [ RunTime:0.0011s ]
SQL: SELECT * FROM `message` WHERE `user_id` = 1  [ RunTime:0.0002s ]
SQL: SELECT `id`,`username`,`face_url`,`content`,`totle_likes`,`send_timestamp` FROM `message` WHERE `user_id` = 1  [ RunTime:0.0002s ]
INFO: [ app_end ] --START--
INFO: Run Behavior\ShowPageTraceBehavior [ RunTime:0.000980s ]
INFO: [ app_end ] --END-- [ RunTime:0.001009s ]

[ 2020-05-04T23:55:09+08:00 ] 127.0.0.1 /treehole/index.php/Home/User/insert_test
INFO: [ app_init ] --START--
INFO: Run Behavior\BuildLiteBehavior [ RunTime:0.000007s ]
INFO: [ app_init ] --END-- [ RunTime:0.000495s ]
INFO: [ app_begin ] --START--
INFO: Run Behavior\ReadHtmlCacheBehavior [ RunTime:0.000581s ]
INFO: [ app_begin ] --END-- [ RunTime:0.000606s ]
SQL: SHOW COLUMNS FROM `message` [ RunTime:0.0013s ]
SQL: INSERT INTO `message` (`user_id`,`username`,`face_url`,`content`,`totle_likes`,`send_timestamp`) VALUES ('1','李四','xxx.jpg','今天好开心','0','1588607709') [ RunTime:0.0003s ]
INFO: [ app_end ] --START--
INFO: Run Behavior\ShowPageTraceBehavior [ RunTime:0.000820s ]
INFO: [ app_end ] --END-- [ RunTime:0.000842s ]

[ 2020-05-04T23:55:34+08:00 ] 127.0.0.1 /treehole/index.php/Home/User/select_test
INFO: [ app_init ] --START--
INFO: Run Behavior\BuildLiteBehavior [ RunTime:0.000007s ]
INFO: [ app_init ] --END-- [ RunTime:0.000487s ]
INFO: [ app_begin ] --START--
INFO: Run Behavior\ReadHtmlCacheBehavior [ RunTime:0.000570s ]
INFO: [ app_begin ] --END-- [ RunTime:0.000595s ]
SQL: SHOW COLUMNS FROM `message` [ RunTime:0.0020s ]
SQL: SELECT * FROM `message` WHERE `user_id` = 1  [ RunTime:0.0003s ]
SQL: SELECT `id`,`username`,`face_url`,`content`,`totle_likes`,`send_timestamp` FROM `message` WHERE `user_id` = 1  [ RunTime:0.0002s ]
INFO: [ app_end ] --START--
INFO: Run Behavior\ShowPageTraceBehavior [ RunTime:0.000700s ]
INFO: [ app_end ] --END-- [ RunTime:0.000719s ]

[ 2020-05-04T23:56:19+08:00 ] 127.0.0.1 /treehole/index.php/Home/Userinsert_test
INFO: [ app_init ] --START--
INFO: Run Behavior\BuildLiteBehavior [ RunTime:0.000008s ]
INFO: [ app_init ] --END-- [ RunTime:0.000500s ]
INFO: [ app_begin ] --START--
INFO: Run Behavior\ReadHtmlCacheBehavior [ RunTime:0.000591s ]
INFO: [ app_begin ] --END-- [ RunTime:0.000615s ]
ERR: 无法加载控制器:Userinsert_test

[ 2020-05-04T23:56:24+08:00 ] 127.0.0.1 /treehole/index.php/Home/User/insert_test
INFO: [ app_init ] --START--
INFO: Run Behavior\BuildLiteBehavior [ RunTime:0.000008s ]
INFO: [ app_init ] --END-- [ RunTime:0.000576s ]
INFO: [ app_begin ] --START--
INFO: Run Behavior\ReadHtmlCacheBehavior [ RunTime:0.000770s ]
INFO: [ app_begin ] --END-- [ RunTime:0.000806s ]
SQL: SHOW COLUMNS FROM `message` [ RunTime:0.0016s ]
SQL: INSERT INTO `message` (`user_id`,`username`,`face_url`,`content`,`totle_likes`,`send_timestamp`) VALUES ('2','王五','xxx.jpg','今天好开心','0','1588607784') [ RunTime:0.0003s ]
INFO: [ app_end ] --START--
INFO: Run Behavior\ShowPageTraceBehavior [ RunTime:0.000943s ]
INFO: [ app_end ] --END-- [ RunTime:0.000985s ]

[ 2020-05-04T23:56:48+08:00 ] 127.0.0.1 /treehole/index.php/Home/User/select_test
INFO: [ app_init ] --START--
INFO: Run Behavior\BuildLiteBehavior [ RunTime:0.000006s ]
INFO: [ app_init ] --END-- [ RunTime:0.000467s ]
INFO: [ app_begin ] --START--
INFO: Run Behavior\ReadHtmlCacheBehavior [ RunTime:0.000590s ]
INFO: [ app_begin ] --END-- [ RunTime:0.000615s ]
SQL: SHOW COLUMNS FROM `message` [ RunTime:0.0007s ]
SQL: SELECT * FROM `message` WHERE `user_id` = 1  [ RunTime:0.0003s ]
SQL: SELECT `id`,`username`,`face_url`,`content`,`totle_likes`,`send_timestamp` FROM `message` WHERE `user_id` = 1  [ RunTime:0.0002s ]
INFO: [ app_end ] --START--
INFO: Run Behavior\ShowPageTraceBehavior [ RunTime:0.000843s ]
INFO: [ app_end ] --END-- [ RunTime:0.000872s ]

[ 2020-05-04T23:59:01+08:00 ] 127.0.0.1 /treehole/index.php/Home/User/select_test
INFO: [ app_init ] --START--
INFO: Run Behavior\BuildLiteBehavior [ RunTime:0.000008s ]
INFO: [ app_init ] --END-- [ RunTime:0.000622s ]
INFO: [ app_begin ] --START--
INFO: Run Behavior\ReadHtmlCacheBehavior [ RunTime:0.000660s ]
INFO: [ app_begin ] --END-- [ RunTime:0.000684s ]
SQL: SHOW COLUMNS FROM `message` [ RunTime:0.0006s ]
SQL: SELECT * FROM `message` WHERE `user_id` = 1  [ RunTime:0.0003s ]
SQL: SELECT `user_id`,`username` FROM `message` WHERE `user_id` = 1  [ RunTime:0.0002s ]
INFO: [ app_end ] --START--
INFO: Run Behavior\ShowPageTraceBehavior [ RunTime:0.000922s ]
INFO: [ app_end ] --END-- [ RunTime:0.000946s ]

